<?xml version="1.0" encoding="utf-8"?><testsuites name="pytest tests"><testsuite name="pytest" errors="0" failures="0" skipped="0" tests="9" time="0.090" timestamp="2026-07-13T19:50:00.851946-07:00" hostname="DESKTOP-3HC9JE1"><testcase classname="artifacts.uplift.work_20260713-192539.sliding_windows.tests.test_solution" name="test_step_one" time="0.001" /><testcase classname="artifacts.uplift.work_20260713-192539.sliding_windows.tests.test_solution" name="test_step_two" time="0.000" /><testcase classname="artifacts.uplift.work_20260713-192539.sliding_windows.tests.test_solution" name="test_full" time="0.000" /><testcase classname="artifacts.uplift.work_20260713-192539.sliding_windows.tests.test_solution" name="test_too_big" time="0.000" /><testcase classname="artifacts.uplift.work_20260713-192539.sliding_windows.tests.test_solution" name="test_overlap" time="0.000" /><testcase classname="artifacts.uplift.work_20260713-192539.sliding_windows.tests.test_solution" name="test_empty" time="0.000" /><testcase classname="artifacts.uplift.work_20260713-192539.sliding_windows.tests.test_solution" name="test_bad_size" time="0.000" /><testcase classname="artifacts.uplift.work_20260713-192539.sliding_windows.tests.test_solution" name="test_bad_step" time="0.000" /><testcase classname="artifacts.uplift.work_20260713-192539.sliding_windows.tests.test_solution" name="test_bad_input" time="0.000" /></testsuite></testsuites>