<?xml version="1.0" encoding="utf-8"?><testsuites name="pytest tests"><testsuite name="pytest" errors="0" failures="0" skipped="0" tests="9" time="0.025" timestamp="2026-07-07T18:46:29.019987-07:00" hostname="DESKTOP-3HC9JE1"><testcase classname="tests.test_varint_zigzag_decode" name="test_single_byte_values_zigzag" time="0.000" /><testcase classname="tests.test_varint_zigzag_decode" name="test_multibyte_value" time="0.000" /><testcase classname="tests.test_varint_zigzag_decode" name="test_multiple_values_and_empty" time="0.000" /><testcase classname="tests.test_varint_zigzag_decode" name="test_five_byte_varint_ok" time="0.000" /><testcase classname="tests.test_varint_zigzag_decode" name="test_truncated" time="0.000" /><testcase classname="tests.test_varint_zigzag_decode" name="test_too_long_even_when_stream_ends" time="0.000" /><testcase classname="tests.test_varint_zigzag_decode" name="test_overlong_noncanonical" time="0.000" /><testcase classname="tests.test_varint_zigzag_decode" name="test_bad_byte_checked_before_decoding" time="0.000" /><testcase classname="tests.test_varint_zigzag_decode" name="test_no_mutation" time="0.000" /></testsuite></testsuites>