<?xml version="1.0" encoding="utf-8"?><testsuites name="pytest tests"><testsuite name="pytest" errors="0" failures="8" skipped="0" tests="9" time="0.236" timestamp="2026-07-13T19:35:38.553230-07:00" hostname="DESKTOP-3HC9JE1"><testcase classname="artifacts.uplift.work_20260713-190747.days_between.tests.test_solution" name="test_same" time="0.001"><failure message="TypeError: int() argument must be a string, a bytes-like object or a real number, not 'datetime.timedelta'">&gt;   def test_same(): assert f((1970, 1, 1), (1970, 1, 1)) == 0
                            ^^^^^^^^^^^^^^^^^^^^^^^^^^^^^

tests\test_solution.py:3: 
_ _ _ _ _ _ _ _ _ _ _ _ _ _ _ _ _ _ _ _ _ _ _ _ _ _ _ _ _ _ _ _ _ _ _ _ _ _ _ _

d1 = (1970, 1, 1), d2 = (1970, 1, 1)

    def days_between(d1, d2):
        if len(d1) != 3 or len(d2) != 3:
            raise ValueError('bad date')
    
        year1, month1, day1 = d1
        year2, month2, day2 = d2
    
        if not (year1 &gt;= 1 and 1 &lt;= month1 &lt;= 12 and 1 &lt;= day1 &lt;= _days_in_month((year1, month1))):
            raise ValueError('bad date')
    
        if not (year2 &gt;= 1 and 1 &lt;= month2 &lt;= 12 and 1 &lt;= day2 &lt;= _days_in_month((year2, month2))):
            raise ValueError('bad date')
    
        d1_date = date(year1, month1, day1)
        d2_date = date(year2, month2, day2)
    
&gt;       return int(d2_date - d1_date)
               ^^^^^^^^^^^^^^^^^^^^^^
E       TypeError: int() argument must be a string, a bytes-like object or a real number, not 'datetime.timedelta'

solution.py:19: TypeError</failure></testcase><testcase classname="artifacts.uplift.work_20260713-190747.days_between.tests.test_solution" name="test_next" time="0.000"><failure message="TypeError: int() argument must be a string, a bytes-like object or a real number, not 'datetime.timedelta'">&gt;   def test_next(): assert f((1970, 1, 1), (1970, 1, 2)) == 1
                            ^^^^^^^^^^^^^^^^^^^^^^^^^^^^^

tests\test_solution.py:4: 
_ _ _ _ _ _ _ _ _ _ _ _ _ _ _ _ _ _ _ _ _ _ _ _ _ _ _ _ _ _ _ _ _ _ _ _ _ _ _ _

d1 = (1970, 1, 1), d2 = (1970, 1, 2)

    def days_between(d1, d2):
        if len(d1) != 3 or len(d2) != 3:
            raise ValueError('bad date')
    
        year1, month1, day1 = d1
        year2, month2, day2 = d2
    
        if not (year1 &gt;= 1 and 1 &lt;= month1 &lt;= 12 and 1 &lt;= day1 &lt;= _days_in_month((year1, month1))):
            raise ValueError('bad date')
    
        if not (year2 &gt;= 1 and 1 &lt;= month2 &lt;= 12 and 1 &lt;= day2 &lt;= _days_in_month((year2, month2))):
            raise ValueError('bad date')
    
        d1_date = date(year1, month1, day1)
        d2_date = date(year2, month2, day2)
    
&gt;       return int(d2_date - d1_date)
               ^^^^^^^^^^^^^^^^^^^^^^
E       TypeError: int() argument must be a string, a bytes-like object or a real number, not 'datetime.timedelta'

solution.py:19: TypeError</failure></testcase><testcase classname="artifacts.uplift.work_20260713-190747.days_between.tests.test_solution" name="test_prev" time="0.000"><failure message="TypeError: int() argument must be a string, a bytes-like object or a real number, not 'datetime.timedelta'">&gt;   def test_prev(): assert f((1970, 1, 2), (1970, 1, 1)) == -1
                            ^^^^^^^^^^^^^^^^^^^^^^^^^^^^^

tests\test_solution.py:5: 
_ _ _ _ _ _ _ _ _ _ _ _ _ _ _ _ _ _ _ _ _ _ _ _ _ _ _ _ _ _ _ _ _ _ _ _ _ _ _ _

d1 = (1970, 1, 2), d2 = (1970, 1, 1)

    def days_between(d1, d2):
        if len(d1) != 3 or len(d2) != 3:
            raise ValueError('bad date')
    
        year1, month1, day1 = d1
        year2, month2, day2 = d2
    
        if not (year1 &gt;= 1 and 1 &lt;= month1 &lt;= 12 and 1 &lt;= day1 &lt;= _days_in_month((year1, month1))):
            raise ValueError('bad date')
    
        if not (year2 &gt;= 1 and 1 &lt;= month2 &lt;= 12 and 1 &lt;= day2 &lt;= _days_in_month((year2, month2))):
            raise ValueError('bad date')
    
        d1_date = date(year1, month1, day1)
        d2_date = date(year2, month2, day2)
    
&gt;       return int(d2_date - d1_date)
               ^^^^^^^^^^^^^^^^^^^^^^
E       TypeError: int() argument must be a string, a bytes-like object or a real number, not 'datetime.timedelta'

solution.py:19: TypeError</failure></testcase><testcase classname="artifacts.uplift.work_20260713-190747.days_between.tests.test_solution" name="test_leap_cross" time="0.000"><failure message="TypeError: int() argument must be a string, a bytes-like object or a real number, not 'datetime.timedelta'">&gt;   def test_leap_cross(): assert f((2020, 2, 28), (2020, 3, 1)) == 2
                                  ^^^^^^^^^^^^^^^^^^^^^^^^^^^^^^

tests\test_solution.py:6: 
_ _ _ _ _ _ _ _ _ _ _ _ _ _ _ _ _ _ _ _ _ _ _ _ _ _ _ _ _ _ _ _ _ _ _ _ _ _ _ _

d1 = (2020, 2, 28), d2 = (2020, 3, 1)

    def days_between(d1, d2):
        if len(d1) != 3 or len(d2) != 3:
            raise ValueError('bad date')
    
        year1, month1, day1 = d1
        year2, month2, day2 = d2
    
        if not (year1 &gt;= 1 and 1 &lt;= month1 &lt;= 12 and 1 &lt;= day1 &lt;= _days_in_month((year1, month1))):
            raise ValueError('bad date')
    
        if not (year2 &gt;= 1 and 1 &lt;= month2 &lt;= 12 and 1 &lt;= day2 &lt;= _days_in_month((year2, month2))):
            raise ValueError('bad date')
    
        d1_date = date(year1, month1, day1)
        d2_date = date(year2, month2, day2)
    
&gt;       return int(d2_date - d1_date)
               ^^^^^^^^^^^^^^^^^^^^^^
E       TypeError: int() argument must be a string, a bytes-like object or a real number, not 'datetime.timedelta'

solution.py:19: TypeError</failure></testcase><testcase classname="artifacts.uplift.work_20260713-190747.days_between.tests.test_solution" name="test_common_cross" time="0.000"><failure message="TypeError: int() argument must be a string, a bytes-like object or a real number, not 'datetime.timedelta'">&gt;   def test_common_cross(): assert f((2019, 2, 28), (2019, 3, 1)) == 1
                                    ^^^^^^^^^^^^^^^^^^^^^^^^^^^^^^

tests\test_solution.py:7: 
_ _ _ _ _ _ _ _ _ _ _ _ _ _ _ _ _ _ _ _ _ _ _ _ _ _ _ _ _ _ _ _ _ _ _ _ _ _ _ _

d1 = (2019, 2, 28), d2 = (2019, 3, 1)

    def days_between(d1, d2):
        if len(d1) != 3 or len(d2) != 3:
            raise ValueError('bad date')
    
        year1, month1, day1 = d1
        year2, month2, day2 = d2
    
        if not (year1 &gt;= 1 and 1 &lt;= month1 &lt;= 12 and 1 &lt;= day1 &lt;= _days_in_month((year1, month1))):
            raise ValueError('bad date')
    
        if not (year2 &gt;= 1 and 1 &lt;= month2 &lt;= 12 and 1 &lt;= day2 &lt;= _days_in_month((year2, month2))):
            raise ValueError('bad date')
    
        d1_date = date(year1, month1, day1)
        d2_date = date(year2, month2, day2)
    
&gt;       return int(d2_date - d1_date)
               ^^^^^^^^^^^^^^^^^^^^^^
E       TypeError: int() argument must be a string, a bytes-like object or a real number, not 'datetime.timedelta'

solution.py:19: TypeError</failure></testcase><testcase classname="artifacts.uplift.work_20260713-190747.days_between.tests.test_solution" name="test_leap_year_span" time="0.000"><failure message="TypeError: int() argument must be a string, a bytes-like object or a real number, not 'datetime.timedelta'">&gt;   def test_leap_year_span(): assert f((2000, 1, 1), (2001, 1, 1)) == 366
                                      ^^^^^^^^^^^^^^^^^^^^^^^^^^^^^

tests\test_solution.py:8: 
_ _ _ _ _ _ _ _ _ _ _ _ _ _ _ _ _ _ _ _ _ _ _ _ _ _ _ _ _ _ _ _ _ _ _ _ _ _ _ _

d1 = (2000, 1, 1), d2 = (2001, 1, 1)

    def days_between(d1, d2):
        if len(d1) != 3 or len(d2) != 3:
            raise ValueError('bad date')
    
        year1, month1, day1 = d1
        year2, month2, day2 = d2
    
        if not (year1 &gt;= 1 and 1 &lt;= month1 &lt;= 12 and 1 &lt;= day1 &lt;= _days_in_month((year1, month1))):
            raise ValueError('bad date')
    
        if not (year2 &gt;= 1 and 1 &lt;= month2 &lt;= 12 and 1 &lt;= day2 &lt;= _days_in_month((year2, month2))):
            raise ValueError('bad date')
    
        d1_date = date(year1, month1, day1)
        d2_date = date(year2, month2, day2)
    
&gt;       return int(d2_date - d1_date)
               ^^^^^^^^^^^^^^^^^^^^^^
E       TypeError: int() argument must be a string, a bytes-like object or a real number, not 'datetime.timedelta'

solution.py:19: TypeError</failure></testcase><testcase classname="artifacts.uplift.work_20260713-190747.days_between.tests.test_solution" name="test_bad_date" time="0.000" /><testcase classname="artifacts.uplift.work_20260713-190747.days_between.tests.test_solution" name="test_not_tuple" time="0.000"><failure message="TypeError: int() argument must be a string, a bytes-like object or a real number, not 'datetime.timedelta'">def test_not_tuple():
&gt;       with pytest.raises(ValueError): f([1970, 1, 1], (1970, 1, 2))
                                        ^^^^^^^^^^^^^^^^^^^^^^^^^^^^^

tests\test_solution.py:13: 
_ _ _ _ _ _ _ _ _ _ _ _ _ _ _ _ _ _ _ _ _ _ _ _ _ _ _ _ _ _ _ _ _ _ _ _ _ _ _ _

d1 = [1970, 1, 1], d2 = (1970, 1, 2)

    def days_between(d1, d2):
        if len(d1) != 3 or len(d2) != 3:
            raise ValueError('bad date')
    
        year1, month1, day1 = d1
        year2, month2, day2 = d2
    
        if not (year1 &gt;= 1 and 1 &lt;= month1 &lt;= 12 and 1 &lt;= day1 &lt;= _days_in_month((year1, month1))):
            raise ValueError('bad date')
    
        if not (year2 &gt;= 1 and 1 &lt;= month2 &lt;= 12 and 1 &lt;= day2 &lt;= _days_in_month((year2, month2))):
            raise ValueError('bad date')
    
        d1_date = date(year1, month1, day1)
        d2_date = date(year2, month2, day2)
    
&gt;       return int(d2_date - d1_date)
               ^^^^^^^^^^^^^^^^^^^^^^
E       TypeError: int() argument must be a string, a bytes-like object or a real number, not 'datetime.timedelta'

solution.py:19: TypeError</failure></testcase><testcase classname="artifacts.uplift.work_20260713-190747.days_between.tests.test_solution" name="test_bool" time="0.000"><failure message="TypeError: int() argument must be a string, a bytes-like object or a real number, not 'datetime.timedelta'">def test_bool():
&gt;       with pytest.raises(ValueError): f((1970, 1, 1), (1970, 1, True))
                                        ^^^^^^^^^^^^^^^^^^^^^^^^^^^^^^^^

tests\test_solution.py:15: 
_ _ _ _ _ _ _ _ _ _ _ _ _ _ _ _ _ _ _ _ _ _ _ _ _ _ _ _ _ _ _ _ _ _ _ _ _ _ _ _

d1 = (1970, 1, 1), d2 = (1970, 1, True)

    def days_between(d1, d2):
        if len(d1) != 3 or len(d2) != 3:
            raise ValueError('bad date')
    
        year1, month1, day1 = d1
        year2, month2, day2 = d2
    
        if not (year1 &gt;= 1 and 1 &lt;= month1 &lt;= 12 and 1 &lt;= day1 &lt;= _days_in_month((year1, month1))):
            raise ValueError('bad date')
    
        if not (year2 &gt;= 1 and 1 &lt;= month2 &lt;= 12 and 1 &lt;= day2 &lt;= _days_in_month((year2, month2))):
            raise ValueError('bad date')
    
        d1_date = date(year1, month1, day1)
        d2_date = date(year2, month2, day2)
    
&gt;       return int(d2_date - d1_date)
               ^^^^^^^^^^^^^^^^^^^^^^
E       TypeError: int() argument must be a string, a bytes-like object or a real number, not 'datetime.timedelta'

solution.py:19: TypeError</failure></testcase></testsuite></testsuites>