<?xml version="1.0" encoding="utf-8"?><testsuites name="pytest tests"><testsuite name="pytest" errors="0" failures="6" skipped="0" tests="12" time="0.226" timestamp="2026-07-13T19:15:23.884454-07:00" hostname="DESKTOP-3HC9JE1"><testcase classname="artifacts.uplift.work_20260713-184826.semver_compare.tests.test_solution" name="test_equal" time="0.001" /><testcase classname="artifacts.uplift.work_20260713-184826.semver_compare.tests.test_solution" name="test_major" time="0.000" /><testcase classname="artifacts.uplift.work_20260713-184826.semver_compare.tests.test_solution" name="test_major_gt" time="0.000" /><testcase classname="artifacts.uplift.work_20260713-184826.semver_compare.tests.test_solution" name="test_patch" time="0.000" /><testcase classname="artifacts.uplift.work_20260713-184826.semver_compare.tests.test_solution" name="test_pre_lt_release" time="0.000"><failure message="ValueError: invalid literal for int() with base 10: '0-alpha'">&gt;   def test_pre_lt_release(): assert f('1.0.0-alpha', '1.0.0') == -1
                                      ^^^^^^^^^^^^^^^^^^^^^^^^^

tests\test_solution.py:7: 
_ _ _ _ _ _ _ _ _ _ _ _ _ _ _ _ _ _ _ _ _ _ _ _ _ _ _ _ _ _ _ _ _ _ _ _ _ _ _ _
solution.py:18: in semver_compare
    a_parsed = parse_version(a)
               ^^^^^^^^^^^^^^^^
_ _ _ _ _ _ _ _ _ _ _ _ _ _ _ _ _ _ _ _ _ _ _ _ _ _ _ _ _ _ _ _ _ _ _ _ _ _ _ _

version = '1.0.0-alpha'

    def parse_version(version):
        parts = version.split('.')
        major = int(parts[0])
        minor = int(parts[1])
&gt;       patch = int(parts[2])
                ^^^^^^^^^^^^^
E       ValueError: invalid literal for int() with base 10: '0-alpha'

solution.py:6: ValueError</failure></testcase><testcase classname="artifacts.uplift.work_20260713-184826.semver_compare.tests.test_solution" name="test_more_ids" time="0.000"><failure message="ValueError: invalid literal for int() with base 10: '0-alpha'">&gt;   def test_more_ids(): assert f('1.0.0-alpha', '1.0.0-alpha.1') == -1
                                ^^^^^^^^^^^^^^^^^^^^^^^^^^^^^^^^^

tests\test_solution.py:8: 
_ _ _ _ _ _ _ _ _ _ _ _ _ _ _ _ _ _ _ _ _ _ _ _ _ _ _ _ _ _ _ _ _ _ _ _ _ _ _ _
solution.py:18: in semver_compare
    a_parsed = parse_version(a)
               ^^^^^^^^^^^^^^^^
_ _ _ _ _ _ _ _ _ _ _ _ _ _ _ _ _ _ _ _ _ _ _ _ _ _ _ _ _ _ _ _ _ _ _ _ _ _ _ _

version = '1.0.0-alpha'

    def parse_version(version):
        parts = version.split('.')
        major = int(parts[0])
        minor = int(parts[1])
&gt;       patch = int(parts[2])
                ^^^^^^^^^^^^^
E       ValueError: invalid literal for int() with base 10: '0-alpha'

solution.py:6: ValueError</failure></testcase><testcase classname="artifacts.uplift.work_20260713-184826.semver_compare.tests.test_solution" name="test_numeric_lt_alpha" time="0.000"><failure message="ValueError: invalid literal for int() with base 10: '0-alpha'">&gt;   def test_numeric_lt_alpha(): assert f('1.0.0-alpha.1', '1.0.0-alpha.beta') == -1
                                        ^^^^^^^^^^^^^^^^^^^^^^^^^^^^^^^^^^^^^^

tests\test_solution.py:9: 
_ _ _ _ _ _ _ _ _ _ _ _ _ _ _ _ _ _ _ _ _ _ _ _ _ _ _ _ _ _ _ _ _ _ _ _ _ _ _ _
solution.py:18: in semver_compare
    a_parsed = parse_version(a)
               ^^^^^^^^^^^^^^^^
_ _ _ _ _ _ _ _ _ _ _ _ _ _ _ _ _ _ _ _ _ _ _ _ _ _ _ _ _ _ _ _ _ _ _ _ _ _ _ _

version = '1.0.0-alpha.1'

    def parse_version(version):
        parts = version.split('.')
        major = int(parts[0])
        minor = int(parts[1])
&gt;       patch = int(parts[2])
                ^^^^^^^^^^^^^
E       ValueError: invalid literal for int() with base 10: '0-alpha'

solution.py:6: ValueError</failure></testcase><testcase classname="artifacts.uplift.work_20260713-184826.semver_compare.tests.test_solution" name="test_ascii_order" time="0.000"><failure message="ValueError: invalid literal for int() with base 10: '0-alpha'">&gt;   def test_ascii_order(): assert f('1.0.0-alpha.beta', '1.0.0-beta') == -1
                                   ^^^^^^^^^^^^^^^^^^^^^^^^^^^^^^^^^^^

tests\test_solution.py:10: 
_ _ _ _ _ _ _ _ _ _ _ _ _ _ _ _ _ _ _ _ _ _ _ _ _ _ _ _ _ _ _ _ _ _ _ _ _ _ _ _
solution.py:18: in semver_compare
    a_parsed = parse_version(a)
               ^^^^^^^^^^^^^^^^
_ _ _ _ _ _ _ _ _ _ _ _ _ _ _ _ _ _ _ _ _ _ _ _ _ _ _ _ _ _ _ _ _ _ _ _ _ _ _ _

version = '1.0.0-alpha.beta'

    def parse_version(version):
        parts = version.split('.')
        major = int(parts[0])
        minor = int(parts[1])
&gt;       patch = int(parts[2])
                ^^^^^^^^^^^^^
E       ValueError: invalid literal for int() with base 10: '0-alpha'

solution.py:6: ValueError</failure></testcase><testcase classname="artifacts.uplift.work_20260713-184826.semver_compare.tests.test_solution" name="test_numeric_ids" time="0.001"><failure message="ValueError: invalid literal for int() with base 10: '0-beta'">&gt;   def test_numeric_ids(): assert f('1.0.0-beta.2', '1.0.0-beta.11') == -1
                                   ^^^^^^^^^^^^^^^^^^^^^^^^^^^^^^^^^^

tests\test_solution.py:11: 
_ _ _ _ _ _ _ _ _ _ _ _ _ _ _ _ _ _ _ _ _ _ _ _ _ _ _ _ _ _ _ _ _ _ _ _ _ _ _ _
solution.py:18: in semver_compare
    a_parsed = parse_version(a)
               ^^^^^^^^^^^^^^^^
_ _ _ _ _ _ _ _ _ _ _ _ _ _ _ _ _ _ _ _ _ _ _ _ _ _ _ _ _ _ _ _ _ _ _ _ _ _ _ _

version = '1.0.0-beta.2'

    def parse_version(version):
        parts = version.split('.')
        major = int(parts[0])
        minor = int(parts[1])
&gt;       patch = int(parts[2])
                ^^^^^^^^^^^^^
E       ValueError: invalid literal for int() with base 10: '0-beta'

solution.py:6: ValueError</failure></testcase><testcase classname="artifacts.uplift.work_20260713-184826.semver_compare.tests.test_solution" name="test_bad_two_parts" time="0.000" /><testcase classname="artifacts.uplift.work_20260713-184826.semver_compare.tests.test_solution" name="test_bad_leading_zero" time="0.000"><failure message="Failed: DID NOT RAISE &lt;class 'ValueError'&gt;">def test_bad_leading_zero():
&gt;       with pytest.raises(ValueError): f('01.0.0', '1.0.0')
             ^^^^^^^^^^^^^^^^^^^^^^^^^
E       Failed: DID NOT RAISE &lt;class 'ValueError'&gt;

tests\test_solution.py:16: Failed</failure></testcase><testcase classname="artifacts.uplift.work_20260713-184826.semver_compare.tests.test_solution" name="test_bad_pre_leading_zero" time="0.000" /></testsuite></testsuites>