<?xml version="1.0" encoding="utf-8"?><testsuites name="pytest tests"><testsuite name="pytest" errors="0" failures="3" skipped="0" tests="8" time="0.230" timestamp="2026-07-14T14:32:00.888034-07:00" hostname="DESKTOP-3HC9JE1"><testcase classname="artifacts.uplift.work_20260714-140516.tilde_unescape.tests.test_solution" name="test_plain_and_simple_escapes" time="0.001" /><testcase classname="artifacts.uplift.work_20260714-140516.tilde_unescape.tests.test_solution" name="test_hex_escape_exactly_two_digits" time="0.000" /><testcase classname="artifacts.uplift.work_20260714-140516.tilde_unescape.tests.test_solution" name="test_hex_may_produce_control_chars" time="0.000" /><testcase classname="artifacts.uplift.work_20260714-140516.tilde_unescape.tests.test_solution" name="test_dangling_escape" time="0.000" /><testcase classname="artifacts.uplift.work_20260714-140516.tilde_unescape.tests.test_solution" name="test_bad_escape_case_sensitive" time="0.001"><failure message="Failed: DID NOT RAISE &lt;class 'ValueError'&gt;">def test_bad_escape_case_sensitive():
&gt;       with pytest.raises(ValueError, match="bad escape"):
             ^^^^^^^^^^^^^^^^^^^^^^^^^^^^^^^^^^^^^^^^^^^^^
E       Failed: DID NOT RAISE &lt;class 'ValueError'&gt;

tests\test_solution.py:31: Failed</failure></testcase><testcase classname="artifacts.uplift.work_20260714-140516.tilde_unescape.tests.test_solution" name="test_bad_hex" time="0.001"><failure message="Failed: DID NOT RAISE &lt;class 'ValueError'&gt;">def test_bad_hex():
        with pytest.raises(ValueError, match="bad hex"):
            untilde("~x")
&gt;       with pytest.raises(ValueError, match="bad hex"):
             ^^^^^^^^^^^^^^^^^^^^^^^^^^^^^^^^^^^^^^^^^^
E       Failed: DID NOT RAISE &lt;class 'ValueError'&gt;

tests\test_solution.py:42: Failed</failure></testcase><testcase classname="artifacts.uplift.work_20260714-140516.tilde_unescape.tests.test_solution" name="test_raw_control_forbidden" time="0.000" /><testcase classname="artifacts.uplift.work_20260714-140516.tilde_unescape.tests.test_solution" name="test_first_error_in_scan_order_wins" time="0.001"><failure message="AssertionError: Regex pattern did not match.&#10;  Expected regex: 'bad escape'&#10;  Actual message: 'raw control'">def test_first_error_in_scan_order_wins():
        with pytest.raises(ValueError, match="raw control"):
            untilde("a\n~")  # raw control at index 1 beats dangling ~ at end
        with pytest.raises(ValueError, match="bad escape"):
&gt;           untilde("~q\n")  # bad escape at index 0 beats raw control later
            ^^^^^^^^^^^^^^^

tests\test_solution.py:61: 
_ _ _ _ _ _ _ _ _ _ _ _ _ _ _ _ _ _ _ _ _ _ _ _ _ _ _ _ _ _ _ _ _ _ _ _ _ _ _ _

s = '~q\n'

    def untilde(s: str) -&gt; str:
        out = []
        i = 0
        n = len(s)
        while i &lt; n:
            c = s[i]
            if c == "~":
                if i == n - 1:
                    raise ValueError("dangling escape")
                if s[i + 1] == "~":
                    out.append("~")
                    i += 2
                    continue
                if s[i + 1] in ("n", "t"):
                    out.append("\n" if s[i + 1] == "n" else "\t")
                    i += 2
                    continue
                if s[i + 1] == "x":
                    if i + 3 &gt; n:
                        raise ValueError("bad hex")
                    if any(not c in "0123456789abcdefABCDEF" for c in s[i + 2 : i + 4]):
                        raise ValueError("bad hex")
                    out.append(chr(int(s[i + 2 : i + 4], 16)))
                    i += 4
                    continue
                if s[i + 1] in ("N", "T", "X"):
                    raise ValueError("bad escape")
                # ~ + a non-~nxt character; keep the two characters literally, because
                # a bare ~ on its own is otherwise never possible (there's always an
                # ~ after it) and so this must be a corrupt input trying to make us read
                # it anyway.
                out.append(c)
                i += 1
                continue
    
            if ord(c) &lt; 32:
&gt;               raise ValueError("raw control")
E               ValueError: raw control

solution.py:37: ValueError

During handling of the above exception, another exception occurred:

    def test_first_error_in_scan_order_wins():
        with pytest.raises(ValueError, match="raw control"):
            untilde("a\n~")  # raw control at index 1 beats dangling ~ at end
&gt;       with pytest.raises(ValueError, match="bad escape"):
             ^^^^^^^^^^^^^^^^^^^^^^^^^^^^^^^^^^^^^^^^^^^^^
E       AssertionError: Regex pattern did not match.
E         Expected regex: 'bad escape'
E         Actual message: 'raw control'

tests\test_solution.py:60: AssertionError</failure></testcase></testsuite></testsuites>