<?xml version="1.0" encoding="utf-8"?><testsuites name="pytest tests"><testsuite name="pytest" errors="0" failures="0" skipped="0" tests="6" time="0.077" timestamp="2026-07-14T14:17:43.146792-07:00" hostname="DESKTOP-3HC9JE1"><testcase classname="artifacts.uplift.work_20260714-140516.josephus.tests.test_solution" name="test_single" time="0.000" /><testcase classname="artifacts.uplift.work_20260714-140516.josephus.tests.test_solution" name="test_k1" time="0.000" /><testcase classname="artifacts.uplift.work_20260714-140516.josephus.tests.test_solution" name="test_classic" time="0.000" /><testcase classname="artifacts.uplift.work_20260714-140516.josephus.tests.test_solution" name="test_two" time="0.000" /><testcase classname="artifacts.uplift.work_20260714-140516.josephus.tests.test_solution" name="test_bad_n" time="0.000" /><testcase classname="artifacts.uplift.work_20260714-140516.josephus.tests.test_solution" name="test_bad_k" time="0.000" /></testsuite></testsuites>