<?xml version="1.0" encoding="utf-8"?><testsuites name="pytest tests"><testsuite name="pytest" errors="0" failures="0" skipped="0" tests="14" time="0.078" timestamp="2026-07-14T14:57:20.313728-07:00" hostname="DESKTOP-3HC9JE1"><testcase classname="artifacts.uplift.work_20260714-140516.inventory_reserve.tests.test_solution" name="test_basic" time="0.001" /><testcase classname="artifacts.uplift.work_20260714-140516.inventory_reserve.tests.test_solution" name="test_accumulate_and_sort" time="0.000" /><testcase classname="artifacts.uplift.work_20260714-140516.inventory_reserve.tests.test_solution" name="test_cancel_to_zero_excluded" time="0.000" /><testcase classname="artifacts.uplift.work_20260714-140516.inventory_reserve.tests.test_solution" name="test_reserve_exactly_available" time="0.000" /><testcase classname="artifacts.uplift.work_20260714-140516.inventory_reserve.tests.test_solution" name="test_no_ops" time="0.000" /><testcase classname="artifacts.uplift.work_20260714-140516.inventory_reserve.tests.test_solution" name="test_not_enough_message" time="0.000" /><testcase classname="artifacts.uplift.work_20260714-140516.inventory_reserve.tests.test_solution" name="test_over_cancel" time="0.000" /><testcase classname="artifacts.uplift.work_20260714-140516.inventory_reserve.tests.test_solution" name="test_unknown_item" time="0.000" /><testcase classname="artifacts.uplift.work_20260714-140516.inventory_reserve.tests.test_solution" name="test_bad_qty_zero" time="0.001" /><testcase classname="artifacts.uplift.work_20260714-140516.inventory_reserve.tests.test_solution" name="test_bad_qty_bool" time="0.000" /><testcase classname="artifacts.uplift.work_20260714-140516.inventory_reserve.tests.test_solution" name="test_bad_op" time="0.000" /><testcase classname="artifacts.uplift.work_20260714-140516.inventory_reserve.tests.test_solution" name="test_bad_stock_bool_value" time="0.000" /><testcase classname="artifacts.uplift.work_20260714-140516.inventory_reserve.tests.test_solution" name="test_bad_stock_negative" time="0.000" /><testcase classname="artifacts.uplift.work_20260714-140516.inventory_reserve.tests.test_solution" name="test_no_mutation" time="0.000" /></testsuite></testsuites>