<?xml version="1.0" encoding="utf-8"?><testsuites name="pytest tests"><testsuite name="pytest" errors="0" failures="0" skipped="0" tests="7" time="0.082" timestamp="2026-07-14T14:17:39.926049-07:00" hostname="DESKTOP-3HC9JE1"><testcase classname="artifacts.uplift.work_20260714-140516.valid_ipv4.tests.test_solution" name="test_ok" time="0.000" /><testcase classname="artifacts.uplift.work_20260714-140516.valid_ipv4.tests.test_solution" name="test_zero" time="0.000" /><testcase classname="artifacts.uplift.work_20260714-140516.valid_ipv4.tests.test_solution" name="test_leading_zero" time="0.000" /><testcase classname="artifacts.uplift.work_20260714-140516.valid_ipv4.tests.test_solution" name="test_too_big" time="0.000" /><testcase classname="artifacts.uplift.work_20260714-140516.valid_ipv4.tests.test_solution" name="test_three_parts" time="0.000" /><testcase classname="artifacts.uplift.work_20260714-140516.valid_ipv4.tests.test_solution" name="test_sign" time="0.000" /><testcase classname="artifacts.uplift.work_20260714-140516.valid_ipv4.tests.test_solution" name="test_empty_part" time="0.000" /></testsuite></testsuites>