<?xml version="1.0" encoding="utf-8"?><testsuites name="pytest tests"><testsuite name="pytest" errors="0" failures="0" skipped="0" tests="6" time="0.089" timestamp="2026-07-13T19:00:50.607919-07:00" hostname="DESKTOP-3HC9JE1"><testcase classname="artifacts.uplift.work_20260713-184826.lis_length.tests.test_solution" name="test_empty" time="0.001" /><testcase classname="artifacts.uplift.work_20260713-184826.lis_length.tests.test_solution" name="test_classic" time="0.000" /><testcase classname="artifacts.uplift.work_20260713-184826.lis_length.tests.test_solution" name="test_all_same" time="0.000" /><testcase classname="artifacts.uplift.work_20260713-184826.lis_length.tests.test_solution" name="test_decreasing" time="0.000" /><testcase classname="artifacts.uplift.work_20260713-184826.lis_length.tests.test_solution" name="test_increasing" time="0.000" /><testcase classname="artifacts.uplift.work_20260713-184826.lis_length.tests.test_solution" name="test_dup_no_extend" time="0.000" /></testsuite></testsuites>