<?xml version="1.0" encoding="utf-8"?><testsuites name="pytest tests"><testsuite name="pytest" errors="0" failures="5" skipped="0" tests="7" time="0.228" timestamp="2026-07-13T19:39:26.408639-07:00" hostname="DESKTOP-3HC9JE1"><testcase classname="artifacts.uplift.work_20260713-192539.format_signed_duration.tests.test_solution" name="test_zero" time="0.001"><failure message="AssertionError: assert '0:00:00' == '0:00'&#10;  &#10;  - 0:00&#10;  + 0:00:00">def test_zero():
&gt;       assert format_duration(0) == "0:00"
E       AssertionError: assert '0:00:00' == '0:00'
E         
E         - 0:00
E         + 0:00:00

tests\test_solution.py:6: AssertionError</failure></testcase><testcase classname="artifacts.uplift.work_20260713-192539.format_signed_duration.tests.test_solution" name="test_minutes_form_below_threshold" time="0.001"><failure message="AssertionError: assert '0:00:59' == '0:59'&#10;  &#10;  - 0:59&#10;  + 0:00:59">def test_minutes_form_below_threshold():
&gt;       assert format_duration(59) == "0:59"
E       AssertionError: assert '0:00:59' == '0:59'
E         
E         - 0:59
E         + 0:00:59

tests\test_solution.py:10: AssertionError</failure></testcase><testcase classname="artifacts.uplift.work_20260713-192539.format_signed_duration.tests.test_solution" name="test_threshold_exactly_3600_uses_hours_form" time="0.000" /><testcase classname="artifacts.uplift.work_20260713-192539.format_signed_duration.tests.test_solution" name="test_negative_values" time="0.000"><failure message="AssertionError: assert '0:00:59' == '-0:59'&#10;  &#10;  - -0:59&#10;  + 0:00:59">def test_negative_values():
&gt;       assert format_duration(-59) == "-0:59"
E       AssertionError: assert '0:00:59' == '-0:59'
E         
E         - -0:59
E         + 0:00:59

tests\test_solution.py:23: AssertionError</failure></testcase><testcase classname="artifacts.uplift.work_20260713-192539.format_signed_duration.tests.test_solution" name="test_large_hours_unpadded" time="0.001"><failure message="AssertionError: assert '100:00:00' == '-100:00:00'&#10;  &#10;  - -100:00:00&#10;  ? -&#10;  + 100:00:00">def test_large_hours_unpadded():
        assert format_duration(360000) == "100:00:00"
        assert format_duration(86461) == "24:01:01"
&gt;       assert format_duration(-360000) == "-100:00:00"
E       AssertionError: assert '100:00:00' == '-100:00:00'
E         
E         - -100:00:00
E         ? -
E         + 100:00:00

tests\test_solution.py:32: AssertionError</failure></testcase><testcase classname="artifacts.uplift.work_20260713-192539.format_signed_duration.tests.test_solution" name="test_component_padding" time="0.000"><failure message="AssertionError: assert '0:00:09' == '0:09'&#10;  &#10;  - 0:09&#10;  + 0:00:09">def test_component_padding():
        assert format_duration(7325) == "2:02:05"
&gt;       assert format_duration(9) == "0:09"
E       AssertionError: assert '0:00:09' == '0:09'
E         
E         - 0:09
E         + 0:00:09

tests\test_solution.py:37: AssertionError</failure></testcase><testcase classname="artifacts.uplift.work_20260713-192539.format_signed_duration.tests.test_solution" name="test_error_contracts" time="0.000" /></testsuite></testsuites>