<?xml version="1.0" encoding="utf-8"?><testsuites name="pytest tests"><testsuite name="pytest" errors="0" failures="6" skipped="0" tests="12" time="0.206" timestamp="2026-07-14T09:08:33.612066-07:00" hostname="DESKTOP-3HC9JE1"><testcase classname="artifacts.uplift.work_20260714-083129.ring_buffer_trace.tests.test_solution" name="test_overwrite" time="0.001"><failure message="assert [None, None, 1, 2, 1] == [None, None, 1, 2, 3]&#10;  &#10;  At index 4 diff: 1 != 3&#10;  Use -v to get more diff">def test_overwrite():
&gt;       assert f(2, [('write', 1), ('write', 2), ('write', 3), ('read',), ('read',)]) == [None, None, 1, 2, 3]
E       assert [None, None, 1, 2, 1] == [None, None, 1, 2, 3]
E         
E         At index 4 diff: 1 != 3
E         Use -v to get more diff

tests\test_solution.py:4: AssertionError</failure></testcase><testcase classname="artifacts.uplift.work_20260714-083129.ring_buffer_trace.tests.test_solution" name="test_peek" time="0.001"><failure message="assert [None, 7] == [None, 7, 7]&#10;  &#10;  Right contains one more item: 7&#10;  Use -v to get more diff">def test_peek():
&gt;       assert f(3, [('write', 7), ('peek',), ('read',)]) == [None, 7, 7]
E       assert [None, 7] == [None, 7, 7]
E         
E         Right contains one more item: 7
E         Use -v to get more diff

tests\test_solution.py:6: AssertionError</failure></testcase><testcase classname="artifacts.uplift.work_20260714-083129.ring_buffer_trace.tests.test_solution" name="test_capacity_one" time="0.000"><failure message="assert [None, 1, 1] == [None, 1, 2]&#10;  &#10;  At index 2 diff: 1 != 2&#10;  Use -v to get more diff">def test_capacity_one():
&gt;       assert f(1, [('write', 1), ('write', 2), ('read',)]) == [None, 1, 2]
E       assert [None, 1, 1] == [None, 1, 2]
E         
E         At index 2 diff: 1 != 2
E         Use -v to get more diff

tests\test_solution.py:8: AssertionError</failure></testcase><testcase classname="artifacts.uplift.work_20260714-083129.ring_buffer_trace.tests.test_solution" name="test_fifo_order" time="0.000" /><testcase classname="artifacts.uplift.work_20260714-083129.ring_buffer_trace.tests.test_solution" name="test_empty_ops" time="0.000" /><testcase classname="artifacts.uplift.work_20260714-083129.ring_buffer_trace.tests.test_solution" name="test_read_empty" time="0.000" /><testcase classname="artifacts.uplift.work_20260714-083129.ring_buffer_trace.tests.test_solution" name="test_peek_empty" time="0.000" /><testcase classname="artifacts.uplift.work_20260714-083129.ring_buffer_trace.tests.test_solution" name="test_read_after_drain" time="0.000" /><testcase classname="artifacts.uplift.work_20260714-083129.ring_buffer_trace.tests.test_solution" name="test_bad_capacity" time="0.000" /><testcase classname="artifacts.uplift.work_20260714-083129.ring_buffer_trace.tests.test_solution" name="test_bad_capacity_bool" time="0.000"><failure message="Failed: DID NOT RAISE &lt;class 'ValueError'&gt;">def test_bad_capacity_bool():
&gt;       with pytest.raises(ValueError): f(True, [])
             ^^^^^^^^^^^^^^^^^^^^^^^^^
E       Failed: DID NOT RAISE &lt;class 'ValueError'&gt;

tests\test_solution.py:24: Failed</failure></testcase><testcase classname="artifacts.uplift.work_20260714-083129.ring_buffer_trace.tests.test_solution" name="test_bad_op" time="0.000"><failure message="IndexError: tuple index out of range">def test_bad_op():
&gt;       with pytest.raises(ValueError) as e: f(2, [('write',)])
                                             ^^^^^^^^^^^^^^^^^^

tests\test_solution.py:26: 
_ _ _ _ _ _ _ _ _ _ _ _ _ _ _ _ _ _ _ _ _ _ _ _ _ _ _ _ _ _ _ _ _ _ _ _ _ _ _ _

capacity = 2, ops = [('write',)]

    def ring_buffer(capacity, ops):
        if not isinstance(capacity, int) or capacity &lt; 1:
            raise ValueError('bad capacity')
    
        buffer = []
        output = []
    
        for op in ops:
            if op[0] == 'write':
&gt;               value = op[1]
                        ^^^^^
E               IndexError: tuple index out of range

solution.py:10: IndexError</failure></testcase><testcase classname="artifacts.uplift.work_20260714-083129.ring_buffer_trace.tests.test_solution" name="test_bad_op_unknown" time="0.000"><failure message="Failed: DID NOT RAISE &lt;class 'ValueError'&gt;">def test_bad_op_unknown():
&gt;       with pytest.raises(ValueError): f(2, [('pop',)])
             ^^^^^^^^^^^^^^^^^^^^^^^^^
E       Failed: DID NOT RAISE &lt;class 'ValueError'&gt;

tests\test_solution.py:29: Failed</failure></testcase></testsuite></testsuites>