<?xml version="1.0" encoding="utf-8"?><testsuites name="pytest tests"><testsuite name="pytest" errors="0" failures="7" skipped="0" tests="8" time="0.218" timestamp="2026-07-13T19:57:56.999202-07:00" hostname="DESKTOP-3HC9JE1"><testcase classname="artifacts.uplift.work_20260713-194718.kv_event_fold.tests.test_solution" name="test_applied_in_timestamp_order_not_input_order" time="0.001"><failure message="TypeError: can only concatenate tuple (not &quot;generator&quot;) to tuple">def test_applied_in_timestamp_order_not_input_order():
&gt;       assert fold_events([("set", 5, "a", 2), ("set", 1, "a", 1)]) == {"a": 2}
               ^^^^^^^^^^^^^^^^^^^^^^^^^^^^^^^^^^^^^^^^^^^^^^^^^^^^^

tests\test_solution.py:6: 
_ _ _ _ _ _ _ _ _ _ _ _ _ _ _ _ _ _ _ _ _ _ _ _ _ _ _ _ _ _ _ _ _ _ _ _ _ _ _ _
solution.py:13: in fold_events
    if not all(validate_event(event) for event in events):
           ^^^^^^^^^^^^^^^^^^^^^^^^^^^^^^^^^^^^^^^^^^^^^^
solution.py:13: in &lt;genexpr&gt;
    if not all(validate_event(event) for event in events):
               ^^^^^^^^^^^^^^^^^^^^^
_ _ _ _ _ _ _ _ _ _ _ _ _ _ _ _ _ _ _ _ _ _ _ _ _ _ _ _ _ _ _ _ _ _ _ _ _ _ _ _

event = ('set', 5, 'a', 2)

    def validate_event(event):
&gt;       op, ts, key, value = (event,) + ('' for _ in range(3-len(event)))
                             ^^^^^^^^^^^^^^^^^^^^^^^^^^^^^^^^^^^^^^^^^^^^
E       TypeError: can only concatenate tuple (not "generator") to tuple

solution.py:6: TypeError</failure></testcase><testcase classname="artifacts.uplift.work_20260713-194718.kv_event_fold.tests.test_solution" name="test_del_removes_key" time="0.000"><failure message="TypeError: can only concatenate tuple (not &quot;generator&quot;) to tuple">def test_del_removes_key():
&gt;       assert fold_events([("set", 1, "a", 1), ("del", 2, "a")]) == {}
               ^^^^^^^^^^^^^^^^^^^^^^^^^^^^^^^^^^^^^^^^^^^^^^^^^^

tests\test_solution.py:11: 
_ _ _ _ _ _ _ _ _ _ _ _ _ _ _ _ _ _ _ _ _ _ _ _ _ _ _ _ _ _ _ _ _ _ _ _ _ _ _ _
solution.py:13: in fold_events
    if not all(validate_event(event) for event in events):
           ^^^^^^^^^^^^^^^^^^^^^^^^^^^^^^^^^^^^^^^^^^^^^^
solution.py:13: in &lt;genexpr&gt;
    if not all(validate_event(event) for event in events):
               ^^^^^^^^^^^^^^^^^^^^^
_ _ _ _ _ _ _ _ _ _ _ _ _ _ _ _ _ _ _ _ _ _ _ _ _ _ _ _ _ _ _ _ _ _ _ _ _ _ _ _

event = ('set', 1, 'a', 1)

    def validate_event(event):
&gt;       op, ts, key, value = (event,) + ('' for _ in range(3-len(event)))
                             ^^^^^^^^^^^^^^^^^^^^^^^^^^^^^^^^^^^^^^^^^^^^
E       TypeError: can only concatenate tuple (not "generator") to tuple

solution.py:6: TypeError</failure></testcase><testcase classname="artifacts.uplift.work_20260713-194718.kv_event_fold.tests.test_solution" name="test_del_beats_set_at_same_timestamp_regardless_of_input_order" time="0.000"><failure message="TypeError: can only concatenate tuple (not &quot;generator&quot;) to tuple">def test_del_beats_set_at_same_timestamp_regardless_of_input_order():
&gt;       assert fold_events([("del", 5, "a"), ("set", 5, "a", 9)]) == {}
               ^^^^^^^^^^^^^^^^^^^^^^^^^^^^^^^^^^^^^^^^^^^^^^^^^^

tests\test_solution.py:15: 
_ _ _ _ _ _ _ _ _ _ _ _ _ _ _ _ _ _ _ _ _ _ _ _ _ _ _ _ _ _ _ _ _ _ _ _ _ _ _ _
solution.py:13: in fold_events
    if not all(validate_event(event) for event in events):
           ^^^^^^^^^^^^^^^^^^^^^^^^^^^^^^^^^^^^^^^^^^^^^^
solution.py:13: in &lt;genexpr&gt;
    if not all(validate_event(event) for event in events):
               ^^^^^^^^^^^^^^^^^^^^^
_ _ _ _ _ _ _ _ _ _ _ _ _ _ _ _ _ _ _ _ _ _ _ _ _ _ _ _ _ _ _ _ _ _ _ _ _ _ _ _

event = ('del', 5, 'a')

    def validate_event(event):
&gt;       op, ts, key, value = (event,) + ('' for _ in range(3-len(event)))
                             ^^^^^^^^^^^^^^^^^^^^^^^^^^^^^^^^^^^^^^^^^^^^
E       TypeError: can only concatenate tuple (not "generator") to tuple

solution.py:6: TypeError</failure></testcase><testcase classname="artifacts.uplift.work_20260713-194718.kv_event_fold.tests.test_solution" name="test_same_ts_same_key_sets_later_input_wins" time="0.000"><failure message="TypeError: can only concatenate tuple (not &quot;generator&quot;) to tuple">def test_same_ts_same_key_sets_later_input_wins():
        evs = [("set", 3, "a", "first"), ("set", 3, "a", "second")]
&gt;       assert fold_events(evs) == {"a": "second"}
               ^^^^^^^^^^^^^^^^

tests\test_solution.py:21: 
_ _ _ _ _ _ _ _ _ _ _ _ _ _ _ _ _ _ _ _ _ _ _ _ _ _ _ _ _ _ _ _ _ _ _ _ _ _ _ _
solution.py:13: in fold_events
    if not all(validate_event(event) for event in events):
           ^^^^^^^^^^^^^^^^^^^^^^^^^^^^^^^^^^^^^^^^^^^^^^
solution.py:13: in &lt;genexpr&gt;
    if not all(validate_event(event) for event in events):
               ^^^^^^^^^^^^^^^^^^^^^
_ _ _ _ _ _ _ _ _ _ _ _ _ _ _ _ _ _ _ _ _ _ _ _ _ _ _ _ _ _ _ _ _ _ _ _ _ _ _ _

event = ('set', 3, 'a', 'first')

    def validate_event(event):
&gt;       op, ts, key, value = (event,) + ('' for _ in range(3-len(event)))
                             ^^^^^^^^^^^^^^^^^^^^^^^^^^^^^^^^^^^^^^^^^^^^
E       TypeError: can only concatenate tuple (not "generator") to tuple

solution.py:6: TypeError</failure></testcase><testcase classname="artifacts.uplift.work_20260713-194718.kv_event_fold.tests.test_solution" name="test_del_absent_ok_and_set_after_del" time="0.000"><failure message="TypeError: can only concatenate tuple (not &quot;generator&quot;) to tuple">def test_del_absent_ok_and_set_after_del():
        evs = [("del", 1, "ghost"), ("set", 2, "a", 1), ("del", 2, "a"),
               ("set", 3, "a", 7)]
&gt;       assert fold_events(evs) == {"a": 7}
               ^^^^^^^^^^^^^^^^

tests\test_solution.py:27: 
_ _ _ _ _ _ _ _ _ _ _ _ _ _ _ _ _ _ _ _ _ _ _ _ _ _ _ _ _ _ _ _ _ _ _ _ _ _ _ _
solution.py:13: in fold_events
    if not all(validate_event(event) for event in events):
           ^^^^^^^^^^^^^^^^^^^^^^^^^^^^^^^^^^^^^^^^^^^^^^
solution.py:13: in &lt;genexpr&gt;
    if not all(validate_event(event) for event in events):
               ^^^^^^^^^^^^^^^^^^^^^
_ _ _ _ _ _ _ _ _ _ _ _ _ _ _ _ _ _ _ _ _ _ _ _ _ _ _ _ _ _ _ _ _ _ _ _ _ _ _ _

event = ('del', 1, 'ghost')

    def validate_event(event):
&gt;       op, ts, key, value = (event,) + ('' for _ in range(3-len(event)))
                             ^^^^^^^^^^^^^^^^^^^^^^^^^^^^^^^^^^^^^^^^^^^^
E       TypeError: can only concatenate tuple (not "generator") to tuple

solution.py:6: TypeError</failure></testcase><testcase classname="artifacts.uplift.work_20260713-194718.kv_event_fold.tests.test_solution" name="test_malformed_events_raise" time="0.000"><failure message="TypeError: can only concatenate tuple (not &quot;generator&quot;) to tuple">def test_malformed_events_raise():
        with pytest.raises(ValueError):
            fold_events([["set", 1, "a", 1]])  # not a tuple
        with pytest.raises(ValueError):
&gt;           fold_events([("put", 1, "a", 1)])  # unknown op
            ^^^^^^^^^^^^^^^^^^^^^^^^^^^^^^^^^

tests\test_solution.py:34: 
_ _ _ _ _ _ _ _ _ _ _ _ _ _ _ _ _ _ _ _ _ _ _ _ _ _ _ _ _ _ _ _ _ _ _ _ _ _ _ _
solution.py:13: in fold_events
    if not all(validate_event(event) for event in events):
           ^^^^^^^^^^^^^^^^^^^^^^^^^^^^^^^^^^^^^^^^^^^^^^
solution.py:13: in &lt;genexpr&gt;
    if not all(validate_event(event) for event in events):
               ^^^^^^^^^^^^^^^^^^^^^
_ _ _ _ _ _ _ _ _ _ _ _ _ _ _ _ _ _ _ _ _ _ _ _ _ _ _ _ _ _ _ _ _ _ _ _ _ _ _ _

event = ('put', 1, 'a', 1)

    def validate_event(event):
&gt;       op, ts, key, value = (event,) + ('' for _ in range(3-len(event)))
                             ^^^^^^^^^^^^^^^^^^^^^^^^^^^^^^^^^^^^^^^^^^^^
E       TypeError: can only concatenate tuple (not "generator") to tuple

solution.py:6: TypeError</failure></testcase><testcase classname="artifacts.uplift.work_20260713-194718.kv_event_fold.tests.test_solution" name="test_no_mutation" time="0.000"><failure message="TypeError: can only concatenate tuple (not &quot;generator&quot;) to tuple">def test_no_mutation():
        evs = [("set", 5, "a", 2), ("del", 5, "a"), ("set", 1, "b", 0)]
        snap = list(evs)
&gt;       fold_events(evs)

tests\test_solution.py:54: 
_ _ _ _ _ _ _ _ _ _ _ _ _ _ _ _ _ _ _ _ _ _ _ _ _ _ _ _ _ _ _ _ _ _ _ _ _ _ _ _
solution.py:13: in fold_events
    if not all(validate_event(event) for event in events):
           ^^^^^^^^^^^^^^^^^^^^^^^^^^^^^^^^^^^^^^^^^^^^^^
solution.py:13: in &lt;genexpr&gt;
    if not all(validate_event(event) for event in events):
               ^^^^^^^^^^^^^^^^^^^^^
_ _ _ _ _ _ _ _ _ _ _ _ _ _ _ _ _ _ _ _ _ _ _ _ _ _ _ _ _ _ _ _ _ _ _ _ _ _ _ _

event = ('set', 5, 'a', 2)

    def validate_event(event):
&gt;       op, ts, key, value = (event,) + ('' for _ in range(3-len(event)))
                             ^^^^^^^^^^^^^^^^^^^^^^^^^^^^^^^^^^^^^^^^^^^^
E       TypeError: can only concatenate tuple (not "generator") to tuple

solution.py:6: TypeError</failure></testcase><testcase classname="artifacts.uplift.work_20260713-194718.kv_event_fold.tests.test_solution" name="test_empty_input" time="0.000" /></testsuite></testsuites>