<?xml version="1.0" encoding="utf-8"?><testsuites name="pytest tests"><testsuite name="pytest" errors="0" failures="3" skipped="0" tests="12" time="0.204" timestamp="2026-07-14T09:08:45.691287-07:00" hostname="DESKTOP-3HC9JE1"><testcase classname="artifacts.uplift.work_20260714-083129.k_smallest_names.tests.test_solution" name="test_basic" time="0.001" /><testcase classname="artifacts.uplift.work_20260714-083129.k_smallest_names.tests.test_solution" name="test_tie_break" time="0.000" /><testcase classname="artifacts.uplift.work_20260714-083129.k_smallest_names.tests.test_solution" name="test_k_zero" time="0.000" /><testcase classname="artifacts.uplift.work_20260714-083129.k_smallest_names.tests.test_solution" name="test_k_exceeds" time="0.000" /><testcase classname="artifacts.uplift.work_20260714-083129.k_smallest_names.tests.test_solution" name="test_empty" time="0.000" /><testcase classname="artifacts.uplift.work_20260714-083129.k_smallest_names.tests.test_solution" name="test_negative_scores" time="0.000" /><testcase classname="artifacts.uplift.work_20260714-083129.k_smallest_names.tests.test_solution" name="test_duplicate_name" time="0.000" /><testcase classname="artifacts.uplift.work_20260714-083129.k_smallest_names.tests.test_solution" name="test_bad_record_list" time="0.000"><failure message="Failed: DID NOT RAISE &lt;class 'ValueError'&gt;">def test_bad_record_list():
&gt;       with pytest.raises(ValueError) as e: f([['a', 1]], 1)
             ^^^^^^^^^^^^^^^^^^^^^^^^^
E       Failed: DID NOT RAISE &lt;class 'ValueError'&gt;

tests\test_solution.py:19: Failed</failure></testcase><testcase classname="artifacts.uplift.work_20260714-083129.k_smallest_names.tests.test_solution" name="test_bad_record_bool_score" time="0.000"><failure message="Failed: DID NOT RAISE &lt;class 'ValueError'&gt;">def test_bad_record_bool_score():
&gt;       with pytest.raises(ValueError): f([('a', True)], 1)
             ^^^^^^^^^^^^^^^^^^^^^^^^^
E       Failed: DID NOT RAISE &lt;class 'ValueError'&gt;

tests\test_solution.py:22: Failed</failure></testcase><testcase classname="artifacts.uplift.work_20260714-083129.k_smallest_names.tests.test_solution" name="test_bad_record_len" time="0.000" /><testcase classname="artifacts.uplift.work_20260714-083129.k_smallest_names.tests.test_solution" name="test_bad_k_bool" time="0.000"><failure message="Failed: DID NOT RAISE &lt;class 'ValueError'&gt;">def test_bad_k_bool():
&gt;       with pytest.raises(ValueError) as e: f([], True)
             ^^^^^^^^^^^^^^^^^^^^^^^^^
E       Failed: DID NOT RAISE &lt;class 'ValueError'&gt;

tests\test_solution.py:26: Failed</failure></testcase><testcase classname="artifacts.uplift.work_20260714-083129.k_smallest_names.tests.test_solution" name="test_bad_k_negative" time="0.000" /></testsuite></testsuites>