<?xml version="1.0" encoding="utf-8"?><testsuites name="pytest tests"><testsuite name="pytest" errors="0" failures="0" skipped="0" tests="14" time="0.078" timestamp="2026-07-14T14:53:00.820989-07:00" hostname="DESKTOP-3HC9JE1"><testcase classname="artifacts.uplift.work_20260714-140516.union_component_count.tests.test_solution" name="test_no_edges" time="0.001" /><testcase classname="artifacts.uplift.work_20260714-140516.union_component_count.tests.test_solution" name="test_chain" time="0.000" /><testcase classname="artifacts.uplift.work_20260714-140516.union_component_count.tests.test_solution" name="test_two_pairs" time="0.000" /><testcase classname="artifacts.uplift.work_20260714-140516.union_component_count.tests.test_solution" name="test_duplicates" time="0.000" /><testcase classname="artifacts.uplift.work_20260714-140516.union_component_count.tests.test_solution" name="test_self_loop" time="0.000" /><testcase classname="artifacts.uplift.work_20260714-140516.union_component_count.tests.test_solution" name="test_zero_nodes" time="0.000" /><testcase classname="artifacts.uplift.work_20260714-140516.union_component_count.tests.test_solution" name="test_cycle" time="0.000" /><testcase classname="artifacts.uplift.work_20260714-140516.union_component_count.tests.test_solution" name="test_bad_n_negative" time="0.000" /><testcase classname="artifacts.uplift.work_20260714-140516.union_component_count.tests.test_solution" name="test_bad_n_bool" time="0.000" /><testcase classname="artifacts.uplift.work_20260714-140516.union_component_count.tests.test_solution" name="test_bad_edges" time="0.000" /><testcase classname="artifacts.uplift.work_20260714-140516.union_component_count.tests.test_solution" name="test_bad_edge_list" time="0.000" /><testcase classname="artifacts.uplift.work_20260714-140516.union_component_count.tests.test_solution" name="test_bad_edge_len" time="0.000" /><testcase classname="artifacts.uplift.work_20260714-140516.union_component_count.tests.test_solution" name="test_bad_edge_range" time="0.000" /><testcase classname="artifacts.uplift.work_20260714-140516.union_component_count.tests.test_solution" name="test_bad_edge_bool" time="0.000" /></testsuite></testsuites>