<?xml version="1.0" encoding="utf-8"?><testsuites name="pytest tests"><testsuite name="pytest" errors="1" failures="0" skipped="0" tests="1" time="0.267" timestamp="2026-07-13T19:15:58.594188-07:00" hostname="DESKTOP-3HC9JE1"><testcase classname="" name="artifacts.uplift.work_20260713-184826.csv_quote.tests.test_solution" time="0.000"><error message="collection failure">C:\Users\Zain\AppData\Local\Programs\Python\Python312\Lib\site-packages\_pytest\python.py:507: in importtestmodule
    mod = import_path(
C:\Users\Zain\AppData\Local\Programs\Python\Python312\Lib\site-packages\_pytest\pathlib.py:587: in import_path
    importlib.import_module(module_name)
C:\Users\Zain\AppData\Local\Programs\Python\Python312\Lib\importlib\__init__.py:90: in import_module
    return _bootstrap._gcd_import(name[level:], package, level)
           ^^^^^^^^^^^^^^^^^^^^^^^^^^^^^^^^^^^^^^^^^^^^^^^^^^^^
&lt;frozen importlib._bootstrap&gt;:1387: in _gcd_import
    ???
&lt;frozen importlib._bootstrap&gt;:1360: in _find_and_load
    ???
&lt;frozen importlib._bootstrap&gt;:1331: in _find_and_load_unlocked
    ???
&lt;frozen importlib._bootstrap&gt;:935: in _load_unlocked
    ???
C:\Users\Zain\AppData\Local\Programs\Python\Python312\Lib\site-packages\_pytest\assertion\rewrite.py:197: in exec_module
    exec(co, module.__dict__)
tests\test_solution.py:2: in &lt;module&gt;
    from solution import csv_quote as f
E     File "C:\dev\local-model\artifacts\uplift\work_20260713-184826\csv_quote\solution.py", line 10
E       quoted_field = f'"{field.replace(\"\", \"\\"\")}"'
E                                         ^
E   SyntaxError: unexpected character after line continuation character</error></testcase></testsuite></testsuites>