<?xml version="1.0" encoding="utf-8"?><testsuites name="pytest tests"><testsuite name="pytest" errors="0" failures="1" skipped="0" tests="12" time="0.238" timestamp="2026-07-14T14:56:51.802989-07:00" hostname="DESKTOP-3HC9JE1"><testcase classname="artifacts.uplift.work_20260714-140516.ring_buffer_trace.tests.test_solution" name="test_overwrite" time="0.001" /><testcase classname="artifacts.uplift.work_20260714-140516.ring_buffer_trace.tests.test_solution" name="test_peek" time="0.000" /><testcase classname="artifacts.uplift.work_20260714-140516.ring_buffer_trace.tests.test_solution" name="test_capacity_one" time="0.000" /><testcase classname="artifacts.uplift.work_20260714-140516.ring_buffer_trace.tests.test_solution" name="test_fifo_order" time="0.000" /><testcase classname="artifacts.uplift.work_20260714-140516.ring_buffer_trace.tests.test_solution" name="test_empty_ops" time="0.000" /><testcase classname="artifacts.uplift.work_20260714-140516.ring_buffer_trace.tests.test_solution" name="test_read_empty" time="0.000" /><testcase classname="artifacts.uplift.work_20260714-140516.ring_buffer_trace.tests.test_solution" name="test_peek_empty" time="0.000" /><testcase classname="artifacts.uplift.work_20260714-140516.ring_buffer_trace.tests.test_solution" name="test_read_after_drain" time="0.000" /><testcase classname="artifacts.uplift.work_20260714-140516.ring_buffer_trace.tests.test_solution" name="test_bad_capacity" time="0.001" /><testcase classname="artifacts.uplift.work_20260714-140516.ring_buffer_trace.tests.test_solution" name="test_bad_capacity_bool" time="0.001"><failure message="Failed: DID NOT RAISE &lt;class 'ValueError'&gt;">def test_bad_capacity_bool():
&gt;       with pytest.raises(ValueError): f(True, [])
             ^^^^^^^^^^^^^^^^^^^^^^^^^
E       Failed: DID NOT RAISE &lt;class 'ValueError'&gt;

tests\test_solution.py:24: Failed</failure></testcase><testcase classname="artifacts.uplift.work_20260714-140516.ring_buffer_trace.tests.test_solution" name="test_bad_op" time="0.000" /><testcase classname="artifacts.uplift.work_20260714-140516.ring_buffer_trace.tests.test_solution" name="test_bad_op_unknown" time="0.000" /></testsuite></testsuites>