<?xml version="1.0" encoding="utf-8"?><testsuites name="pytest tests"><testsuite name="pytest" errors="0" failures="3" skipped="0" tests="14" time="0.197" timestamp="2026-07-13T19:25:23.971593-07:00" hostname="DESKTOP-3HC9JE1"><testcase classname="artifacts.uplift.work_20260713-184826.fletcher16_checksum.tests.test_solution" name="test_abcde" time="0.001" /><testcase classname="artifacts.uplift.work_20260713-184826.fletcher16_checksum.tests.test_solution" name="test_abcdef" time="0.000" /><testcase classname="artifacts.uplift.work_20260713-184826.fletcher16_checksum.tests.test_solution" name="test_empty_str" time="0.001" /><testcase classname="artifacts.uplift.work_20260713-184826.fletcher16_checksum.tests.test_solution" name="test_empty_list" time="0.000" /><testcase classname="artifacts.uplift.work_20260713-184826.fletcher16_checksum.tests.test_solution" name="test_single" time="0.000" /><testcase classname="artifacts.uplift.work_20260713-184826.fletcher16_checksum.tests.test_solution" name="test_two" time="0.000" /><testcase classname="artifacts.uplift.work_20260713-184826.fletcher16_checksum.tests.test_solution" name="test_byte_255" time="0.000" /><testcase classname="artifacts.uplift.work_20260713-184826.fletcher16_checksum.tests.test_solution" name="test_two_255" time="0.000" /><testcase classname="artifacts.uplift.work_20260713-184826.fletcher16_checksum.tests.test_solution" name="test_str_list_agree" time="0.000" /><testcase classname="artifacts.uplift.work_20260713-184826.fletcher16_checksum.tests.test_solution" name="test_bad_char" time="0.000" /><testcase classname="artifacts.uplift.work_20260713-184826.fletcher16_checksum.tests.test_solution" name="test_bad_byte_range" time="0.000"><failure message="Failed: DID NOT RAISE &lt;class 'ValueError'&gt;">def test_bad_byte_range():
&gt;       with pytest.raises(ValueError) as e: f([256])
             ^^^^^^^^^^^^^^^^^^^^^^^^^
E       Failed: DID NOT RAISE &lt;class 'ValueError'&gt;

tests\test_solution.py:16: Failed</failure></testcase><testcase classname="artifacts.uplift.work_20260713-184826.fletcher16_checksum.tests.test_solution" name="test_bad_byte_negative" time="0.000"><failure message="Failed: DID NOT RAISE &lt;class 'ValueError'&gt;">def test_bad_byte_negative():
&gt;       with pytest.raises(ValueError): f([-1])
             ^^^^^^^^^^^^^^^^^^^^^^^^^
E       Failed: DID NOT RAISE &lt;class 'ValueError'&gt;

tests\test_solution.py:19: Failed</failure></testcase><testcase classname="artifacts.uplift.work_20260713-184826.fletcher16_checksum.tests.test_solution" name="test_bad_byte_bool" time="0.000"><failure message="Failed: DID NOT RAISE &lt;class 'ValueError'&gt;">def test_bad_byte_bool():
&gt;       with pytest.raises(ValueError): f([True])
             ^^^^^^^^^^^^^^^^^^^^^^^^^
E       Failed: DID NOT RAISE &lt;class 'ValueError'&gt;

tests\test_solution.py:21: Failed</failure></testcase><testcase classname="artifacts.uplift.work_20260713-184826.fletcher16_checksum.tests.test_solution" name="test_bad_input" time="0.000" /></testsuite></testsuites>