<?xml version="1.0" encoding="utf-8"?><testsuites name="pytest tests"><testsuite name="pytest" errors="0" failures="0" skipped="0" tests="10" time="0.086" timestamp="2026-07-14T13:29:52.344414-07:00" hostname="DESKTOP-3HC9JE1"><testcase classname="artifacts.uplift.work_20260714-125209.percent_decode.tests.test_solution" name="test_space" time="0.000" /><testcase classname="artifacts.uplift.work_20260714-125209.percent_decode.tests.test_solution" name="test_upper_hex" time="0.000" /><testcase classname="artifacts.uplift.work_20260714-125209.percent_decode.tests.test_solution" name="test_percent_literal" time="0.000" /><testcase classname="artifacts.uplift.work_20260714-125209.percent_decode.tests.test_solution" name="test_plus_literal" time="0.000" /><testcase classname="artifacts.uplift.work_20260714-125209.percent_decode.tests.test_solution" name="test_plain" time="0.000" /><testcase classname="artifacts.uplift.work_20260714-125209.percent_decode.tests.test_solution" name="test_mixed_case" time="0.000" /><testcase classname="artifacts.uplift.work_20260714-125209.percent_decode.tests.test_solution" name="test_short_escape" time="0.000" /><testcase classname="artifacts.uplift.work_20260714-125209.percent_decode.tests.test_solution" name="test_nonhex" time="0.000" /><testcase classname="artifacts.uplift.work_20260714-125209.percent_decode.tests.test_solution" name="test_non_ascii" time="0.000" /><testcase classname="artifacts.uplift.work_20260714-125209.percent_decode.tests.test_solution" name="test_lone_percent" time="0.000" /></testsuite></testsuites>